{
  "RSpec": {
    "coverage": {
      "/home/splendid-scraper-499d/tic-tac-toe-rb-online-web-sp-000/lib/tic_tac_toe.rb": [
        1,
        1,
        null,
        1,
        25,
        25,
        25,
        25,
        25,
        null,
        null,
        1,
        31,
        null,
        null,
        1,
        23,
        null,
        null,
        1,
        31,
        null,
        null,
        1,
        27,
        4,
        23,
        2,
        null,
        21,
        null,
        null,
        null,
        1,
        22,
        22,
        198,
        34,
        null,
        null,
        22,
        null,
        null,
        1,
        21,
        21,
        14,
        null,
        7,
        null,
        null,
        null,
        1,
        27,
        27,
        24,
        24,
        4,
        4,
        4,
        null,
        20,
        20,
        20,
        null,
        null,
        null,
        1,
        42,
        325,
        325,
        325,
        null,
        325,
        325,
        325,
        null,
        325,
        6,
        319,
        1,
        null,
        null,
        null,
        null,
        1,
        182,
        null,
        null,
        1,
        28,
        3,
        null,
        25,
        null,
        null,
        null,
        1,
        14,
        5,
        null,
        9,
        null,
        null,
        null,
        1,
        3,
        3,
        3,
        null,
        null,
        2,
        1,
        null,
        1,
        null,
        null,
        null,
        1,
        39,
        22,
        7,
        null,
        null,
        null
      ]
    },
    "timestamp": 1623868686
  }
}
