{
  "RSpec": {
    "coverage": {
      "/home/splendid-scraper-499d/tic-tac-toe-rb-online-web-sp-000/lib/tic_tac_toe.rb": [
        1,
        1,
        null,
        1,
        26,
        26,
        26,
        26,
        26,
        null,
        null,
        1,
        32,
        null,
        null,
        1,
        24,
        null,
        null,
        1,
        32,
        null,
        null,
        1,
        28,
        4,
        24,
        2,
        null,
        22,
        null,
        null,
        null,
        1,
        23,
        23,
        207,
        36,
        null,
        null,
        23,
        null,
        null,
        1,
        22,
        22,
        15,
        null,
        7,
        null,
        null,
        null,
        1,
        28,
        28,
        25,
        25,
        4,
        4,
        4,
        null,
        21,
        21,
        21,
        null,
        null,
        null,
        1,
        30,
        229,
        229,
        229,
        null,
        229,
        229,
        229,
        null,
        229,
        6,
        223,
        1,
        null,
        null,
        null,
        null,
        1,
        128,
        null,
        null,
        1,
        14,
        3,
        null,
        11,
        null,
        null,
        null,
        1,
        15,
        5,
        null,
        10,
        null,
        null,
        null,
        1,
        3,
        3,
        3,
        null,
        null,
        2,
        1,
        null,
        1,
        null,
        null,
        null,
        1,
        40,
        23,
        7,
        7,
        null,
        null,
        null
      ]
    },
    "timestamp": 1623873547
  }
}
